src/app/globals.css 56ms
src/app/layout.tsx 85ms
src/app/manifest.ts 5ms
src/app/page.tsx 5ms
src/app/robots.ts 7ms
src/app/sitemap.ts 7ms
src/components/layout/footer.tsx 27ms
src/components/layout/header.tsx 39ms
src/components/layout/index.ts 3ms
src/components/layout/main-layout.tsx 7ms
src/components/sections/about.tsx 56ms
src/components/sections/contact-info.tsx 27ms
src/components/sections/contact.tsx 37ms
src/components/sections/faq.tsx 16ms
src/components/sections/hero.tsx 23ms
src/components/sections/projects.tsx 45ms
src/components/sections/services.tsx 23ms
src/components/seo/structured-data.tsx 5ms
src/components/ui/ascii-animation.tsx 27ms
src/components/ui/avatar.tsx 4ms
src/components/ui/badge.tsx 5ms
src/components/ui/button.tsx 5ms
src/components/ui/card.tsx 8ms
src/components/ui/input.tsx 3ms
src/components/ui/label.tsx 3ms
src/components/ui/matrix-animations.tsx 67ms
src/components/ui/navigation-menu.tsx 12ms
src/components/ui/progress.tsx 6ms
src/components/ui/separator.tsx 3ms
src/components/ui/sheet.tsx 9ms
src/components/ui/tabs.tsx 7ms
src/components/ui/tech-icons-rain.tsx 14ms
src/components/ui/textarea.tsx 2ms
src/components/ui/whatsapp-button.tsx 13ms
src/constants/index.ts 8ms
src/lib/utils.ts 2ms
src/types/index.ts 6ms
